a:4:{s:10:"insertTime";s:19:"2018-10-30 15:02:45";s:2:"ip";s:3:"::1";s:3:"url";s:46:"/Bootcamp/admin/ajax/images/modalUploader/390/";s:11:"visitCookie";i:1;}
a:4:{s:10:"insertTime";s:19:"2018-10-30 15:02:45";s:2:"ip";s:3:"::1";s:3:"url";s:45:"/Bootcamp/admin/ajax/files/modalUploader/390/";s:11:"visitCookie";i:1;}
a:4:{s:10:"insertTime";s:19:"2018-10-30 15:02:45";s:2:"ip";s:3:"::1";s:3:"url";s:37:"/Bootcamp/admin/frontEditor/show/390/";s:11:"visitCookie";i:1;}
a:4:{s:10:"insertTime";s:19:"2018-10-30 15:02:45";s:2:"ip";s:3:"::1";s:3:"url";s:41:"/Bootcamp/admin/ajax/widgets/choseWidget/";s:11:"visitCookie";i:1;}
a:4:{s:10:"insertTime";s:19:"2018-10-30 15:03:33";s:2:"ip";s:3:"::1";s:3:"url";s:10:"/Bootcamp/";s:11:"visitCookie";i:1;}
a:4:{s:10:"insertTime";s:19:"2018-10-30 15:03:33";s:2:"ip";s:3:"::1";s:3:"url";s:46:"/Bootcamp/admin/ajax/images/modalUploader/390/";s:11:"visitCookie";i:1;}
a:4:{s:10:"insertTime";s:19:"2018-10-30 15:03:33";s:2:"ip";s:3:"::1";s:3:"url";s:41:"/Bootcamp/admin/ajax/widgets/choseWidget/";s:11:"visitCookie";i:1;}
a:4:{s:10:"insertTime";s:19:"2018-10-30 15:03:33";s:2:"ip";s:3:"::1";s:3:"url";s:45:"/Bootcamp/admin/ajax/files/modalUploader/390/";s:11:"visitCookie";i:1;}
a:4:{s:10:"insertTime";s:19:"2018-10-30 15:03:33";s:2:"ip";s:3:"::1";s:3:"url";s:37:"/Bootcamp/admin/frontEditor/show/390/";s:11:"visitCookie";i:1;}
a:4:{s:10:"insertTime";s:19:"2018-10-30 15:03:49";s:2:"ip";s:3:"::1";s:3:"url";s:10:"/Bootcamp/";s:11:"visitCookie";i:1;}
a:4:{s:10:"insertTime";s:19:"2018-10-30 15:03:50";s:2:"ip";s:3:"::1";s:3:"url";s:46:"/Bootcamp/admin/ajax/images/modalUploader/390/";s:11:"visitCookie";i:1;}
a:4:{s:10:"insertTime";s:19:"2018-10-30 15:03:50";s:2:"ip";s:3:"::1";s:3:"url";s:37:"/Bootcamp/admin/frontEditor/show/390/";s:11:"visitCookie";i:1;}
a:4:{s:10:"insertTime";s:19:"2018-10-30 15:03:50";s:2:"ip";s:3:"::1";s:3:"url";s:45:"/Bootcamp/admin/ajax/files/modalUploader/390/";s:11:"visitCookie";i:1;}
a:4:{s:10:"insertTime";s:19:"2018-10-30 15:04:03";s:2:"ip";s:3:"::1";s:3:"url";s:39:"/Bootcamp/admin/content/pages/news/906/";s:11:"visitCookie";i:1;}
a:4:{s:10:"insertTime";s:19:"2018-10-30 15:04:04";s:2:"ip";s:3:"::1";s:3:"url";s:46:"/Bootcamp/image/szptgxnyzpjq/100/100/original/";s:11:"visitCookie";i:1;}
a:4:{s:10:"insertTime";s:19:"2018-10-30 15:04:30";s:2:"ip";s:3:"::1";s:3:"url";s:62:"/Bootcamp/admin/content/pages/news/906/?mn=admin.message.error";s:11:"visitCookie";i:1;}
a:4:{s:10:"insertTime";s:19:"2018-10-30 15:04:30";s:2:"ip";s:3:"::1";s:3:"url";s:64:"/Bootcamp/admin/content/pages/news/906/?mp=admin.message.success";s:11:"visitCookie";i:1;}
a:4:{s:10:"insertTime";s:19:"2018-10-30 15:04:31";s:2:"ip";s:3:"::1";s:3:"url";s:46:"/Bootcamp/image/szptgxnyzpjq/100/100/original/";s:11:"visitCookie";i:1;}
a:4:{s:10:"insertTime";s:19:"2018-10-30 15:04:32";s:2:"ip";s:3:"::1";s:3:"url";s:44:"/Bootcamp/admin/do/content/showTreelist/906/";s:11:"visitCookie";i:1;}
a:4:{s:10:"insertTime";s:19:"2018-10-30 15:04:32";s:2:"ip";s:3:"::1";s:3:"url";s:64:"/Bootcamp/admin/content/pages/news/906/?mp=admin.message.success";s:11:"visitCookie";i:1;}
a:4:{s:10:"insertTime";s:19:"2018-10-30 15:04:32";s:2:"ip";s:3:"::1";s:3:"url";s:46:"/Bootcamp/image/szptgxnyzpjq/100/100/original/";s:11:"visitCookie";i:1;}
a:4:{s:10:"insertTime";s:19:"2018-10-30 15:04:36";s:2:"ip";s:3:"::1";s:3:"url";s:38:"/Bootcamp/admin/mainDo/setPanelMode/2/";s:11:"visitCookie";i:1;}
a:4:{s:10:"insertTime";s:19:"2018-10-30 15:04:36";s:2:"ip";s:3:"::1";s:3:"url";s:64:"/Bootcamp/admin/content/pages/news/906/?mp=admin.message.success";s:11:"visitCookie";i:1;}
a:4:{s:10:"insertTime";s:19:"2018-10-30 15:04:36";s:2:"ip";s:3:"::1";s:3:"url";s:46:"/Bootcamp/image/szptgxnyzpjq/100/100/original/";s:11:"visitCookie";i:1;}
a:4:{s:10:"insertTime";s:19:"2018-10-30 15:04:47";s:2:"ip";s:3:"::1";s:3:"url";s:10:"/Bootcamp/";s:11:"visitCookie";i:1;}
a:4:{s:10:"insertTime";s:19:"2018-10-30 15:04:47";s:2:"ip";s:3:"::1";s:3:"url";s:41:"/Bootcamp/admin/ajax/widgets/choseWidget/";s:11:"visitCookie";i:1;}
a:4:{s:10:"insertTime";s:19:"2018-10-30 15:04:47";s:2:"ip";s:3:"::1";s:3:"url";s:46:"/Bootcamp/admin/ajax/images/modalUploader/390/";s:11:"visitCookie";i:1;}
a:4:{s:10:"insertTime";s:19:"2018-10-30 15:04:47";s:2:"ip";s:3:"::1";s:3:"url";s:45:"/Bootcamp/admin/ajax/files/modalUploader/390/";s:11:"visitCookie";i:1;}
a:4:{s:10:"insertTime";s:19:"2018-10-30 15:04:54";s:2:"ip";s:3:"::1";s:3:"url";s:30:"/Bootcamp/admin/do/flushCache/";s:11:"visitCookie";i:1;}
a:4:{s:10:"insertTime";s:19:"2018-10-30 15:04:54";s:2:"ip";s:3:"::1";s:3:"url";s:64:"/Bootcamp/admin/content/pages/news/906/?mp=admin.message.success";s:11:"visitCookie";i:1;}
a:4:{s:10:"insertTime";s:19:"2018-10-30 15:04:57";s:2:"ip";s:3:"::1";s:3:"url";s:46:"/Bootcamp/image/szptgxnyzpjq/100/100/original/";s:11:"visitCookie";i:1;}
a:4:{s:10:"insertTime";s:19:"2018-10-30 15:05:04";s:2:"ip";s:3:"::1";s:3:"url";s:39:"/Bootcamp/admin/content/pages/edit/908/";s:11:"visitCookie";i:1;}
a:4:{s:10:"insertTime";s:19:"2018-10-30 15:05:04";s:2:"ip";s:3:"::1";s:3:"url";s:46:"/Bootcamp/image/szptgxnyzpjq/100/100/original/";s:11:"visitCookie";i:1;}
a:4:{s:10:"insertTime";s:19:"2018-10-30 15:05:04";s:2:"ip";s:3:"::1";s:3:"url";s:46:"/Bootcamp/admin/ajax/images/modalUploader/908/";s:11:"visitCookie";i:1;}
a:4:{s:10:"insertTime";s:19:"2018-10-30 15:05:04";s:2:"ip";s:3:"::1";s:3:"url";s:41:"/Bootcamp/admin/ajax/widgets/choseWidget/";s:11:"visitCookie";i:1;}
a:4:{s:10:"insertTime";s:19:"2018-10-30 15:05:04";s:2:"ip";s:3:"::1";s:3:"url";s:45:"/Bootcamp/admin/ajax/files/modalUploader/908/";s:11:"visitCookie";i:1;}
a:4:{s:10:"insertTime";s:19:"2018-10-30 15:05:04";s:2:"ip";s:3:"::1";s:3:"url";s:40:"/Bootcamp/admin/ajax/customfields/index/";s:11:"visitCookie";i:1;}
a:4:{s:10:"insertTime";s:19:"2018-10-30 15:05:09";s:2:"ip";s:3:"::1";s:3:"url";s:47:"/Bootcamp/admin/do/content/editAjaxSuccess/908/";s:11:"visitCookie";i:1;}
a:4:{s:10:"insertTime";s:19:"2018-10-30 15:05:11";s:2:"ip";s:3:"::1";s:3:"url";s:30:"/Bootcamp/admin/do/flushCache/";s:11:"visitCookie";i:1;}
a:4:{s:10:"insertTime";s:19:"2018-10-30 15:05:12";s:2:"ip";s:3:"::1";s:3:"url";s:64:"/Bootcamp/admin/content/pages/edit/908/?mp=admin.message.success";s:11:"visitCookie";i:1;}
a:4:{s:10:"insertTime";s:19:"2018-10-30 15:05:14";s:2:"ip";s:3:"::1";s:3:"url";s:46:"/Bootcamp/image/szptgxnyzpjq/100/100/original/";s:11:"visitCookie";i:1;}
a:4:{s:10:"insertTime";s:19:"2018-10-30 15:05:14";s:2:"ip";s:3:"::1";s:3:"url";s:46:"/Bootcamp/admin/ajax/images/modalUploader/908/";s:11:"visitCookie";i:1;}
a:4:{s:10:"insertTime";s:19:"2018-10-30 15:05:14";s:2:"ip";s:3:"::1";s:3:"url";s:41:"/Bootcamp/admin/ajax/widgets/choseWidget/";s:11:"visitCookie";i:1;}
a:4:{s:10:"insertTime";s:19:"2018-10-30 15:05:14";s:2:"ip";s:3:"::1";s:3:"url";s:45:"/Bootcamp/admin/ajax/files/modalUploader/908/";s:11:"visitCookie";i:1;}
a:4:{s:10:"insertTime";s:19:"2018-10-30 15:05:14";s:2:"ip";s:3:"::1";s:3:"url";s:40:"/Bootcamp/admin/ajax/customfields/index/";s:11:"visitCookie";i:1;}
a:4:{s:10:"insertTime";s:19:"2018-10-30 15:05:16";s:2:"ip";s:3:"::1";s:3:"url";s:10:"/Bootcamp/";s:11:"visitCookie";i:1;}
a:4:{s:10:"insertTime";s:19:"2018-10-30 15:05:17";s:2:"ip";s:3:"::1";s:3:"url";s:46:"/Bootcamp/admin/ajax/images/modalUploader/390/";s:11:"visitCookie";i:1;}
a:4:{s:10:"insertTime";s:19:"2018-10-30 15:05:17";s:2:"ip";s:3:"::1";s:3:"url";s:45:"/Bootcamp/admin/ajax/files/modalUploader/390/";s:11:"visitCookie";i:1;}
a:4:{s:10:"insertTime";s:19:"2018-10-30 15:05:17";s:2:"ip";s:3:"::1";s:3:"url";s:37:"/Bootcamp/admin/frontEditor/show/390/";s:11:"visitCookie";i:1;}
a:4:{s:10:"insertTime";s:19:"2018-10-30 15:05:17";s:2:"ip";s:3:"::1";s:3:"url";s:41:"/Bootcamp/admin/ajax/widgets/choseWidget/";s:11:"visitCookie";i:1;}
a:4:{s:10:"insertTime";s:19:"2018-10-30 15:05:56";s:2:"ip";s:3:"::1";s:3:"url";s:10:"/Bootcamp/";s:11:"visitCookie";i:1;}
a:4:{s:10:"insertTime";s:19:"2018-10-30 15:05:57";s:2:"ip";s:3:"::1";s:3:"url";s:41:"/Bootcamp/admin/ajax/widgets/choseWidget/";s:11:"visitCookie";i:1;}
a:4:{s:10:"insertTime";s:19:"2018-10-30 15:05:57";s:2:"ip";s:3:"::1";s:3:"url";s:45:"/Bootcamp/admin/ajax/files/modalUploader/390/";s:11:"visitCookie";i:1;}
a:4:{s:10:"insertTime";s:19:"2018-10-30 15:05:57";s:2:"ip";s:3:"::1";s:3:"url";s:37:"/Bootcamp/admin/frontEditor/show/390/";s:11:"visitCookie";i:1;}
a:4:{s:10:"insertTime";s:19:"2018-10-30 15:05:57";s:2:"ip";s:3:"::1";s:3:"url";s:46:"/Bootcamp/admin/ajax/images/modalUploader/390/";s:11:"visitCookie";i:1;}
a:4:{s:10:"insertTime";s:19:"2018-10-30 15:08:04";s:2:"ip";s:3:"::1";s:3:"url";s:10:"/Bootcamp/";s:11:"visitCookie";i:1;}
a:4:{s:10:"insertTime";s:19:"2018-10-30 15:08:05";s:2:"ip";s:3:"::1";s:3:"url";s:46:"/Bootcamp/admin/ajax/images/modalUploader/390/";s:11:"visitCookie";i:1;}
a:4:{s:10:"insertTime";s:19:"2018-10-30 15:08:05";s:2:"ip";s:3:"::1";s:3:"url";s:41:"/Bootcamp/admin/ajax/widgets/choseWidget/";s:11:"visitCookie";i:1;}
a:4:{s:10:"insertTime";s:19:"2018-10-30 15:08:05";s:2:"ip";s:3:"::1";s:3:"url";s:37:"/Bootcamp/admin/frontEditor/show/390/";s:11:"visitCookie";i:1;}
a:4:{s:10:"insertTime";s:19:"2018-10-30 15:08:05";s:2:"ip";s:3:"::1";s:3:"url";s:45:"/Bootcamp/admin/ajax/files/modalUploader/390/";s:11:"visitCookie";i:1;}
a:4:{s:10:"insertTime";s:19:"2018-10-30 15:08:30";s:2:"ip";s:3:"::1";s:3:"url";s:10:"/Bootcamp/";s:11:"visitCookie";i:1;}
a:4:{s:10:"insertTime";s:19:"2018-10-30 15:08:30";s:2:"ip";s:3:"::1";s:3:"url";s:46:"/Bootcamp/admin/ajax/images/modalUploader/390/";s:11:"visitCookie";i:1;}
a:4:{s:10:"insertTime";s:19:"2018-10-30 15:08:30";s:2:"ip";s:3:"::1";s:3:"url";s:37:"/Bootcamp/admin/frontEditor/show/390/";s:11:"visitCookie";i:1;}
a:4:{s:10:"insertTime";s:19:"2018-10-30 15:08:30";s:2:"ip";s:3:"::1";s:3:"url";s:41:"/Bootcamp/admin/ajax/widgets/choseWidget/";s:11:"visitCookie";i:1;}
a:4:{s:10:"insertTime";s:19:"2018-10-30 15:08:30";s:2:"ip";s:3:"::1";s:3:"url";s:45:"/Bootcamp/admin/ajax/files/modalUploader/390/";s:11:"visitCookie";i:1;}
a:4:{s:10:"insertTime";s:19:"2018-10-30 15:08:34";s:2:"ip";s:3:"::1";s:3:"url";s:10:"/Bootcamp/";s:11:"visitCookie";i:1;}
a:4:{s:10:"insertTime";s:19:"2018-10-30 15:08:35";s:2:"ip";s:3:"::1";s:3:"url";s:46:"/Bootcamp/admin/ajax/images/modalUploader/390/";s:11:"visitCookie";i:1;}
a:4:{s:10:"insertTime";s:19:"2018-10-30 15:08:35";s:2:"ip";s:3:"::1";s:3:"url";s:41:"/Bootcamp/admin/ajax/widgets/choseWidget/";s:11:"visitCookie";i:1;}
a:4:{s:10:"insertTime";s:19:"2018-10-30 15:08:35";s:2:"ip";s:3:"::1";s:3:"url";s:45:"/Bootcamp/admin/ajax/files/modalUploader/390/";s:11:"visitCookie";i:1;}
a:4:{s:10:"insertTime";s:19:"2018-10-30 15:08:35";s:2:"ip";s:3:"::1";s:3:"url";s:37:"/Bootcamp/admin/frontEditor/show/390/";s:11:"visitCookie";i:1;}
a:4:{s:10:"insertTime";s:19:"2018-10-30 15:08:43";s:2:"ip";s:3:"::1";s:3:"url";s:22:"/Bootcamp/sublime-text";s:11:"visitCookie";i:1;}
a:4:{s:10:"insertTime";s:19:"2018-10-30 15:08:43";s:2:"ip";s:3:"::1";s:3:"url";s:41:"/Bootcamp/admin/ajax/widgets/choseWidget/";s:11:"visitCookie";i:1;}
a:4:{s:10:"insertTime";s:19:"2018-10-30 15:08:43";s:2:"ip";s:3:"::1";s:3:"url";s:37:"/Bootcamp/admin/frontEditor/show/908/";s:11:"visitCookie";i:1;}
e";i:1;}
a:4:{s:10:"insertTime";s:19:"2018-10-30 15:08:43";s:2:"ip";s:3:"::1";s:3:"url";s:45:"/Bootcamp/admin/ajax/files/modalUploader/908/";s:11:"visitCookie";i:1;}
a:4:{s:10:"insertTime";s:19:"2018-10-30 15:09:32";s:2:"ip";s:3:"::1";s:3:"url";s:22:"/Bootcamp/sublime-text";s:11:"visitCookie";i:1;}
a:4:{s:10:"insertTime";s:19:"2018-10-30 15:09:32";s:2:"ip";s:3:"::1";s:3:"url";s:46:"/Bootcamp/admin/ajax/images/modalUploader/908/";s:11:"visitCookie";i:1;}
a:4:{s:10:"insertTime";s:19:"2018-10-30 15:09:32";s:2:"ip";s:3:"::1";s:3:"url";s:41:"/Bootcamp/admin/ajax/widgets/choseWidget/";s:11:"visitCookie";i:1;}
a:4:{s:10:"insertTime";s:19:"2018-10-30 15:09:32";s:2:"ip";s:3:"::1";s:3:"url";s:37:"/Bootcamp/admin/frontEditor/show/908/";s:11:"visitCookie";i:1;}
";i:1;}
a:4:{s:10:"insertTime";s:19:"2018-10-30 15:10:15";s:2:"ip";s:3:"::1";s:3:"url";s:43:"/Bootcamp/admin/do/content/autosaveSuccess/";s:11:"visitCookie";i:1;}
a:4:{s:10:"insertTime";s:19:"2018-10-30 15:10:32";s:2:"ip";s:3:"::1";s:3:"url";s:10:"/Bootcamp/";s:11:"visitCookie";i:1;}
a:4:{s:10:"insertTime";s:19:"2018-10-30 15:10:33";s:2:"ip";s:3:"::1";s:3:"url";s:46:"/Bootcamp/admin/ajax/images/modalUploader/390/";s:11:"visitCookie";i:1;}
a:4:{s:10:"insertTime";s:19:"2018-10-30 15:10:33";s:2:"ip";s:3:"::1";s:3:"url";s:45:"/Bootcamp/admin/ajax/files/modalUploader/390/";s:11:"visitCookie";i:1;}
a:4:{s:10:"insertTime";s:19:"2018-10-30 15:10:33";s:2:"ip";s:3:"::1";s:3:"url";s:41:"/Bootcamp/admin/ajax/widgets/choseWidget/";s:11:"visitCookie";i:1;}
a:4:{s:10:"insertTime";s:19:"2018-10-30 15:10:33";s:2:"ip";s:3:"::1";s:3:"url";s:37:"/Bootcamp/admin/frontEditor/show/390/";s:11:"visitCookie";i:1;}
a:4:{s:10:"insertTime";s:19:"2018-10-30 15:10:47";s:2:"ip";s:3:"::1";s:3:"url";s:10:"/Bootcamp/";s:11:"visitCookie";i:1;}
a:4:{s:10:"insertTime";s:19:"2018-10-30 15:10:47";s:2:"ip";s:3:"::1";s:3:"url";s:46:"/Bootcamp/admin/ajax/images/modalUploader/390/";s:11:"visitCookie";i:1;}
a:4:{s:10:"insertTime";s:19:"2018-10-30 15:10:47";s:2:"ip";s:3:"::1";s:3:"url";s:45:"/Bootcamp/admin/ajax/files/modalUploader/390/";s:11:"visitCookie";i:1;}
a:4:{s:10:"insertTime";s:19:"2018-10-30 15:10:47";s:2:"ip";s:3:"::1";s:3:"url";s:41:"/Bootcamp/admin/ajax/widgets/choseWidget/";s:11:"visitCookie";i:1;}
a:4:{s:10:"insertTime";s:19:"2018-10-30 15:10:47";s:2:"ip";s:3:"::1";s:3:"url";s:37:"/Bootcamp/admin/frontEditor/show/390/";s:11:"visitCookie";i:1;}
a:4:{s:10:"insertTime";s:19:"2018-10-30 15:11:26";s:2:"ip";s:3:"::1";s:3:"url";s:10:"/Bootcamp/";s:11:"visitCookie";i:1;}
a:4:{s:10:"insertTime";s:19:"2018-10-30 15:11:27";s:2:"ip";s:3:"::1";s:3:"url";s:46:"/Bootcamp/admin/ajax/images/modalUploader/390/";s:11:"visitCookie";i:1;}
a:4:{s:10:"insertTime";s:19:"2018-10-30 15:11:27";s:2:"ip";s:3:"::1";s:3:"url";s:45:"/Bootcamp/admin/ajax/files/modalUploader/390/";s:11:"visitCookie";i:1;}
a:4:{s:10:"insertTime";s:19:"2018-10-30 15:11:27";s:2:"ip";s:3:"::1";s:3:"url";s:41:"/Bootcamp/admin/ajax/widgets/choseWidget/";s:11:"visitCookie";i:1;}
a:4:{s:10:"insertTime";s:19:"2018-10-30 15:11:54";s:2:"ip";s:3:"::1";s:3:"url";s:10:"/Bootcamp/";s:11:"visitCookie";i:1;}
a:4:{s:10:"insertTime";s:19:"2018-10-30 15:11:55";s:2:"ip";s:3:"::1";s:3:"url";s:46:"/Bootcamp/admin/ajax/images/modalUploader/390/";s:11:"visitCookie";i:1;}
a:4:{s:10:"insertTime";s:19:"2018-10-30 15:11:55";s:2:"ip";s:3:"::1";s:3:"url";s:45:"/Bootcamp/admin/ajax/files/modalUploader/390/";s:11:"visitCookie";i:1;}
a:4:{s:10:"insertTime";s:19:"2018-10-30 15:11:55";s:2:"ip";s:3:"::1";s:3:"url";s:41:"/Bootcamp/admin/ajax/widgets/choseWidget/";s:11:"visitCookie";i:1;}
a:4:{s:10:"insertTime";s:19:"2018-10-30 15:11:55";s:2:"ip";s:3:"::1";s:3:"url";s:37:"/Bootcamp/admin/frontEditor/show/390/";s:11:"visitCookie";i:1;}
a:4:{s:10:"insertTime";s:19:"2018-10-30 15:11:59";s:2:"ip";s:3:"::1";s:3:"url";s:30:"/Bootcamp/admin/do/flushCache/";s:11:"visitCookie";i:1;}
a:4:{s:10:"insertTime";s:19:"2018-10-30 15:11:59";s:2:"ip";s:3:"::1";s:3:"url";s:64:"/Bootcamp/admin/content/pages/edit/908/?mp=admin.message.success";s:11:"visitCookie";i:1;}
a:4:{s:10:"insertTime";s:19:"2018-10-30 15:12:01";s:2:"ip";s:3:"::1";s:3:"url";s:46:"/Bootcamp/image/szptgxnyzpjq/100/100/original/";s:11:"visitCookie";i:1;}
a:4:{s:10:"insertTime";s:19:"2018-10-30 15:12:01";s:2:"ip";s:3:"::1";s:3:"url";s:41:"/Bootcamp/admin/ajax/widgets/choseWidget/";s:11:"visitCookie";i:1;}
a:4:{s:10:"insertTime";s:19:"2018-10-30 15:12:01";s:2:"ip";s:3:"::1";s:3:"url";s:40:"/Bootcamp/admin/ajax/customfields/index/";s:11:"visitCookie";i:1;}
i:1;}
a:4:{s:10:"insertTime";s:19:"2018-10-30 15:12:01";s:2:"ip";s:3:"::1";s:3:"url";s:45:"/Bootcamp/admin/ajax/files/modalUploader/908/";s:11:"visitCookie";i:1;}
a:4:{s:10:"insertTime";s:19:"2018-10-30 15:12:05";s:2:"ip";s:3:"::1";s:3:"url";s:10:"/Bootcamp/";s:11:"visitCookie";i:1;}
a:4:{s:10:"insertTime";s:19:"2018-10-30 15:12:06";s:2:"ip";s:3:"::1";s:3:"url";s:45:"/Bootcamp/admin/ajax/files/modalUploader/390/";s:11:"visitCookie";i:1;}
a:4:{s:10:"insertTime";s:19:"2018-10-30 15:12:06";s:2:"ip";s:3:"::1";s:3:"url";s:37:"/Bootcamp/admin/frontEditor/show/390/";s:11:"visitCookie";i:1;}
a:4:{s:10:"insertTime";s:19:"2018-10-30 15:12:06";s:2:"ip";s:3:"::1";s:3:"url";s:41:"/Bootcamp/admin/ajax/widgets/choseWidget/";s:11:"visitCookie";i:1;}
:1;}
a:4:{s:10:"insertTime";s:19:"2018-10-30 15:13:00";s:2:"ip";s:3:"::1";s:3:"url";s:10:"/Bootcamp/";s:11:"visitCookie";i:1;}
a:4:{s:10:"insertTime";s:19:"2018-10-30 15:13:01";s:2:"ip";s:3:"::1";s:3:"url";s:46:"/Bootcamp/admin/ajax/images/modalUploader/390/";s:11:"visitCookie";i:1;}
a:4:{s:10:"insertTime";s:19:"2018-10-30 15:13:01";s:2:"ip";s:3:"::1";s:3:"url";s:37:"/Bootcamp/admin/frontEditor/show/390/";s:11:"visitCookie";i:1;}
";i:1;}
a:4:{s:10:"insertTime";s:19:"2018-10-30 15:13:01";s:2:"ip";s:3:"::1";s:3:"url";s:41:"/Bootcamp/admin/ajax/widgets/choseWidget/";s:11:"visitCookie";i:1;}
a:4:{s:10:"insertTime";s:19:"2018-10-30 15:13:03";s:2:"ip";s:3:"::1";s:3:"url";s:22:"/Bootcamp/sublime-text";s:11:"visitCookie";i:1;}
a:4:{s:10:"insertTime";s:19:"2018-10-30 15:13:04";s:2:"ip";s:3:"::1";s:3:"url";s:41:"/Bootcamp/admin/ajax/widgets/choseWidget/";s:11:"visitCookie";i:1;}
a:4:{s:10:"insertTime";s:19:"2018-10-30 15:13:04";s:2:"ip";s:3:"::1";s:3:"url";s:45:"/Bootcamp/admin/ajax/files/modalUploader/908/";s:11:"visitCookie";i:1;}
a:4:{s:10:"insertTime";s:19:"2018-10-30 15:13:04";s:2:"ip";s:3:"::1";s:3:"url";s:37:"/Bootcamp/admin/frontEditor/show/908/";s:11:"visitCookie";i:1;}
a:4:{s:10:"insertTime";s:19:"2018-10-30 15:13:04";s:2:"ip";s:3:"::1";s:3:"url";s:46:"/Bootcamp/admin/ajax/images/modalUploader/908/";s:11:"visitCookie";i:1;}
a:4:{s:10:"insertTime";s:19:"2018-10-30 15:13:10";s:2:"ip";s:3:"::1";s:3:"url";s:21:"/Bootcamp/menu-boczne";s:11:"visitCookie";i:1;}
a:4:{s:10:"insertTime";s:19:"2018-10-30 15:13:11";s:2:"ip";s:3:"::1";s:3:"url";s:41:"/Bootcamp/admin/ajax/widgets/choseWidget/";s:11:"visitCookie";i:1;}
a:4:{s:10:"insertTime";s:19:"2018-10-30 15:13:11";s:2:"ip";s:3:"::1";s:3:"url";s:46:"/Bootcamp/admin/ajax/images/modalUploader/906/";s:11:"visitCookie";i:1;}
a:4:{s:10:"insertTime";s:19:"2018-10-30 15:13:11";s:2:"ip";s:3:"::1";s:3:"url";s:37:"/Bootcamp/admin/frontEditor/show/906/";s:11:"visitCookie";i:1;}
a:4:{s:10:"insertTime";s:19:"2018-10-30 15:13:11";s:2:"ip";s:3:"::1";s:3:"url";s:45:"/Bootcamp/admin/ajax/files/modalUploader/906/";s:11:"visitCookie";i:1;}
a:4:{s:10:"insertTime";s:19:"2018-10-30 15:13:14";s:2:"ip";s:3:"::1";s:3:"url";s:15:"/Bootcamp/grupa";s:11:"visitCookie";i:1;}
a:4:{s:10:"insertTime";s:19:"2018-10-30 15:13:15";s:2:"ip";s:3:"::1";s:3:"url";s:41:"/Bootcamp/admin/ajax/widgets/choseWidget/";s:11:"visitCookie";i:1;}
a:4:{s:10:"insertTime";s:19:"2018-10-30 15:13:15";s:2:"ip";s:3:"::1";s:3:"url";s:37:"/Bootcamp/admin/frontEditor/show/739/";s:11:"visitCookie";i:1;}
a:4:{s:10:"insertTime";s:19:"2018-10-30 15:13:15";s:2:"ip";s:3:"::1";s:3:"url";s:46:"/Bootcamp/admin/ajax/images/modalUploader/739/";s:11:"visitCookie";i:1;}
a:4:{s:10:"insertTime";s:19:"2018-10-30 15:13:20";s:2:"ip";s:3:"::1";s:3:"url";s:58:"/Bootcamp/admin/do/content/toggleHide/739/?_=1540908721823";s:11:"visitCookie";i:1;}
a:4:{s:10:"insertTime";s:19:"2018-10-30 15:13:22";s:2:"ip";s:3:"::1";s:3:"url";s:15:"/Bootcamp/grupa";s:11:"visitCookie";i:1;}
a:4:{s:10:"insertTime";s:19:"2018-10-30 15:13:22";s:2:"ip";s:3:"::1";s:3:"url";s:46:"/Bootcamp/admin/ajax/images/modalUploader/739/";s:11:"visitCookie";i:1;}
a:4:{s:10:"insertTime";s:19:"2018-10-30 15:13:22";s:2:"ip";s:3:"::1";s:3:"url";s:45:"/Bootcamp/admin/ajax/files/modalUploader/739/";s:11:"visitCookie";i:1;}
a:4:{s:10:"insertTime";s:19:"2018-10-30 15:13:22";s:2:"ip";s:3:"::1";s:3:"url";s:41:"/Bootcamp/admin/ajax/widgets/choseWidget/";s:11:"visitCookie";i:1;}
a:4:{s:10:"insertTime";s:19:"2018-10-30 15:13:22";s:2:"ip";s:3:"::1";s:3:"url";s:37:"/Bootcamp/admin/frontEditor/show/739/";s:11:"visitCookie";i:1;}
a:4:{s:10:"insertTime";s:19:"2018-10-30 15:13:36";s:2:"ip";s:3:"::1";s:3:"url";s:15:"/Bootcamp/grupa";s:11:"visitCookie";i:1;}
a:4:{s:10:"insertTime";s:19:"2018-10-30 15:13:36";s:2:"ip";s:3:"::1";s:3:"url";s:46:"/Bootcamp/admin/ajax/images/modalUploader/739/";s:11:"visitCookie";i:1;}
a:4:{s:10:"insertTime";s:19:"2018-10-30 15:13:36";s:2:"ip";s:3:"::1";s:3:"url";s:37:"/Bootcamp/admin/frontEditor/show/739/";s:11:"visitCookie";i:1;}
a:4:{s:10:"insertTime";s:19:"2018-10-30 15:13:36";s:2:"ip";s:3:"::1";s:3:"url";s:45:"/Bootcamp/admin/ajax/files/modalUploader/739/";s:11:"visitCookie";i:1;}
a:4:{s:10:"insertTime";s:19:"2018-10-30 15:13:37";s:2:"ip";s:3:"::1";s:3:"url";s:25:"/Bootcamp/przydatne-linki";s:11:"visitCookie";i:1;}
a:4:{s:10:"insertTime";s:19:"2018-10-30 15:13:37";s:2:"ip";s:3:"::1";s:3:"url";s:41:"/Bootcamp/admin/ajax/widgets/choseWidget/";s:11:"visitCookie";i:1;}
a:4:{s:10:"insertTime";s:19:"2018-10-30 15:13:37";s:2:"ip";s:3:"::1";s:3:"url";s:45:"/Bootcamp/admin/ajax/files/modalUploader/907/";s:11:"visitCookie";i:1;}
a:4:{s:10:"insertTime";s:19:"2018-10-30 15:13:37";s:2:"ip";s:3:"::1";s:3:"url";s:46:"/Bootcamp/admin/ajax/images/modalUploader/907/";s:11:"visitCookie";i:1;}
a:4:{s:10:"insertTime";s:19:"2018-10-30 15:13:37";s:2:"ip";s:3:"::1";s:3:"url";s:37:"/Bootcamp/admin/frontEditor/show/907/";s:11:"visitCookie";i:1;}
a:4:{s:10:"insertTime";s:19:"2018-10-30 15:14:20";s:2:"ip";s:3:"::1";s:3:"url";s:25:"/Bootcamp/przydatne-linki";s:11:"visitCookie";i:1;}
a:4:{s:10:"insertTime";s:19:"2018-10-30 15:14:21";s:2:"ip";s:3:"::1";s:3:"url";s:46:"/Bootcamp/admin/ajax/images/modalUploader/907/";s:11:"visitCookie";i:1;}
a:4:{s:10:"insertTime";s:19:"2018-10-30 15:14:21";s:2:"ip";s:3:"::1";s:3:"url";s:37:"/Bootcamp/admin/frontEditor/show/907/";s:11:"visitCookie";i:1;}
a:4:{s:10:"insertTime";s:19:"2018-10-30 15:14:21";s:2:"ip";s:3:"::1";s:3:"url";s:41:"/Bootcamp/admin/ajax/widgets/choseWidget/";s:11:"visitCookie";i:1;}
1;}
a:4:{s:10:"insertTime";s:19:"2018-10-30 15:14:26";s:2:"ip";s:3:"::1";s:3:"url";s:10:"/Bootcamp/";s:11:"visitCookie";i:1;}
a:4:{s:10:"insertTime";s:19:"2018-10-30 15:14:26";s:2:"ip";s:3:"::1";s:3:"url";s:41:"/Bootcamp/admin/ajax/widgets/choseWidget/";s:11:"visitCookie";i:1;}
a:4:{s:10:"insertTime";s:19:"2018-10-30 15:14:26";s:2:"ip";s:3:"::1";s:3:"url";s:45:"/Bootcamp/admin/ajax/files/modalUploader/390/";s:11:"visitCookie";i:1;}
a:4:{s:10:"insertTime";s:19:"2018-10-30 15:14:26";s:2:"ip";s:3:"::1";s:3:"url";s:46:"/Bootcamp/admin/ajax/images/modalUploader/390/";s:11:"visitCookie";i:1;}
a:4:{s:10:"insertTime";s:19:"2018-10-30 15:15:41";s:2:"ip";s:3:"::1";s:3:"url";s:10:"/Bootcamp/";s:11:"visitCookie";i:1;}
a:4:{s:10:"insertTime";s:19:"2018-10-30 15:15:41";s:2:"ip";s:3:"::1";s:3:"url";s:46:"/Bootcamp/admin/ajax/images/modalUploader/390/";s:11:"visitCookie";i:1;}
a:4:{s:10:"insertTime";s:19:"2018-10-30 15:15:41";s:2:"ip";s:3:"::1";s:3:"url";s:41:"/Bootcamp/admin/ajax/widgets/choseWidget/";s:11:"visitCookie";i:1;}
a:4:{s:10:"insertTime";s:19:"2018-10-30 15:15:41";s:2:"ip";s:3:"::1";s:3:"url";s:37:"/Bootcamp/admin/frontEditor/show/390/";s:11:"visitCookie";i:1;}
a:4:{s:10:"insertTime";s:19:"2018-10-30 15:15:41";s:2:"ip";s:3:"::1";s:3:"url";s:45:"/Bootcamp/admin/ajax/files/modalUploader/390/";s:11:"visitCookie";i:1;}
a:4:{s:10:"insertTime";s:19:"2018-10-30 15:15:53";s:2:"ip";s:3:"::1";s:3:"url";s:30:"/Bootcamp/admin/do/flushCache/";s:11:"visitCookie";i:1;}
a:4:{s:10:"insertTime";s:19:"2018-10-30 15:15:53";s:2:"ip";s:3:"::1";s:3:"url";s:64:"/Bootcamp/admin/content/pages/edit/908/?mp=admin.message.success";s:11:"visitCookie";i:1;}
a:4:{s:10:"insertTime";s:19:"2018-10-30 15:15:56";s:2:"ip";s:3:"::1";s:3:"url";s:46:"/Bootcamp/image/szptgxnyzpjq/100/100/original/";s:11:"visitCookie";i:1;}
a:4:{s:10:"insertTime";s:19:"2018-10-30 15:15:56";s:2:"ip";s:3:"::1";s:3:"url";s:46:"/Bootcamp/admin/ajax/images/modalUploader/908/";s:11:"visitCookie";i:1;}
a:4:{s:10:"insertTime";s:19:"2018-10-30 15:15:56";s:2:"ip";s:3:"::1";s:3:"url";s:41:"/Bootcamp/admin/ajax/widgets/choseWidget/";s:11:"visitCookie";i:1;}
a:4:{s:10:"insertTime";s:19:"2018-10-30 15:15:56";s:2:"ip";s:3:"::1";s:3:"url";s:40:"/Bootcamp/admin/ajax/customfields/index/";s:11:"visitCookie";i:1;}
a:4:{s:10:"insertTime";s:19:"2018-10-30 15:15:56";s:2:"ip";s:3:"::1";s:3:"url";s:45:"/Bootcamp/admin/ajax/files/modalUploader/908/";s:11:"visitCookie";i:1;}
a:4:{s:10:"insertTime";s:19:"2018-10-30 15:16:14";s:2:"ip";s:3:"::1";s:3:"url";s:10:"/Bootcamp/";s:11:"visitCookie";i:1;}
a:4:{s:10:"insertTime";s:19:"2018-10-30 15:16:16";s:2:"ip";s:3:"::1";s:3:"url";s:41:"/Bootcamp/admin/ajax/widgets/choseWidget/";s:11:"visitCookie";i:1;}
a:4:{s:10:"insertTime";s:19:"2018-10-30 15:16:16";s:2:"ip";s:3:"::1";s:3:"url";s:46:"/Bootcamp/admin/ajax/images/modalUploader/390/";s:11:"visitCookie";i:1;}
a:4:{s:10:"insertTime";s:19:"2018-10-30 15:16:16";s:2:"ip";s:3:"::1";s:3:"url";s:37:"/Bootcamp/admin/frontEditor/show/390/";s:11:"visitCookie";i:1;}
a:4:{s:10:"insertTime";s:19:"2018-10-30 15:16:16";s:2:"ip";s:3:"::1";s:3:"url";s:45:"/Bootcamp/admin/ajax/files/modalUploader/390/";s:11:"visitCookie";i:1;}
a:4:{s:10:"insertTime";s:19:"2018-10-30 15:16:30";s:2:"ip";s:3:"::1";s:3:"url";s:39:"/Bootcamp/admin/content/pages/edit/390/";s:11:"visitCookie";i:1;}
a:4:{s:10:"insertTime";s:19:"2018-10-30 15:16:30";s:2:"ip";s:3:"::1";s:3:"url";s:46:"/Bootcamp/image/szptgxnyzpjq/100/100/original/";s:11:"visitCookie";i:1;}
a:4:{s:10:"insertTime";s:19:"2018-10-30 15:16:30";s:2:"ip";s:3:"::1";s:3:"url";s:41:"/Bootcamp/image/szptgxnyzpjq/200/150/fit/";s:11:"visitCookie";i:1;}
a:4:{s:10:"insertTime";s:19:"2018-10-30 15:16:30";s:2:"ip";s:3:"::1";s:3:"url";s:41:"/Bootcamp/admin/ajax/widgets/choseWidget/";s:11:"visitCookie";i:1;}
a:4:{s:10:"insertTime";s:19:"2018-10-30 15:16:30";s:2:"ip";s:3:"::1";s:3:"url";s:45:"/Bootcamp/admin/ajax/files/modalUploader/390/";s:11:"visitCookie";i:1;}
a:4:{s:10:"insertTime";s:19:"2018-10-30 15:16:30";s:2:"ip";s:3:"::1";s:3:"url";s:46:"/Bootcamp/admin/ajax/images/modalUploader/390/";s:11:"visitCookie";i:1;}
a:4:{s:10:"insertTime";s:19:"2018-10-30 15:16:30";s:2:"ip";s:3:"::1";s:3:"url";s:40:"/Bootcamp/admin/ajax/customfields/index/";s:11:"visitCookie";i:1;}
a:4:{s:10:"insertTime";s:19:"2018-10-30 15:16:50";s:2:"ip";s:3:"::1";s:3:"url";s:47:"/Bootcamp/admin/do/content/editAjaxSuccess/390/";s:11:"visitCookie";i:1;}
a:4:{s:10:"insertTime";s:19:"2018-10-30 15:16:52";s:2:"ip";s:3:"::1";s:3:"url";s:10:"/Bootcamp/";s:11:"visitCookie";i:1;}
a:4:{s:10:"insertTime";s:19:"2018-10-30 15:16:52";s:2:"ip";s:3:"::1";s:3:"url";s:46:"/Bootcamp/admin/ajax/images/modalUploader/390/";s:11:"visitCookie";i:1;}
a:4:{s:10:"insertTime";s:19:"2018-10-30 15:16:52";s:2:"ip";s:3:"::1";s:3:"url";s:45:"/Bootcamp/admin/ajax/files/modalUploader/390/";s:11:"visitCookie";i:1;}
a:4:{s:10:"insertTime";s:19:"2018-10-30 15:16:52";s:2:"ip";s:3:"::1";s:3:"url";s:37:"/Bootcamp/admin/frontEditor/show/390/";s:11:"visitCookie";i:1;}
a:4:{s:10:"insertTime";s:19:"2018-10-30 15:16:52";s:2:"ip";s:3:"::1";s:3:"url";s:41:"/Bootcamp/admin/ajax/widgets/choseWidget/";s:11:"visitCookie";i:1;}
a:4:{s:10:"insertTime";s:19:"2018-10-30 15:16:54";s:2:"ip";s:3:"::1";s:3:"url";s:22:"/Bootcamp/sublime-text";s:11:"visitCookie";i:1;}
a:4:{s:10:"insertTime";s:19:"2018-10-30 15:16:55";s:2:"ip";s:3:"::1";s:3:"url";s:45:"/Bootcamp/admin/ajax/files/modalUploader/908/";s:11:"visitCookie";i:1;}
a:4:{s:10:"insertTime";s:19:"2018-10-30 15:16:55";s:2:"ip";s:3:"::1";s:3:"url";s:41:"/Bootcamp/admin/ajax/widgets/choseWidget/";s:11:"visitCookie";i:1;}
a:4:{s:10:"insertTime";s:19:"2018-10-30 15:16:55";s:2:"ip";s:3:"::1";s:3:"url";s:37:"/Bootcamp/admin/frontEditor/show/908/";s:11:"visitCookie";i:1;}
e";i:1;}
a:4:{s:10:"insertTime";s:19:"2018-10-30 15:17:22";s:2:"ip";s:3:"::1";s:3:"url";s:22:"/Bootcamp/sublime-text";s:11:"visitCookie";i:1;}
a:4:{s:10:"insertTime";s:19:"2018-10-30 15:17:23";s:2:"ip";s:3:"::1";s:3:"url";s:45:"/Bootcamp/admin/ajax/files/modalUploader/908/";s:11:"visitCookie";i:1;}
a:4:{s:10:"insertTime";s:19:"2018-10-30 15:17:23";s:2:"ip";s:3:"::1";s:3:"url";s:41:"/Bootcamp/admin/ajax/widgets/choseWidget/";s:11:"visitCookie";i:1;}
a:4:{s:10:"insertTime";s:19:"2018-10-30 15:17:23";s:2:"ip";s:3:"::1";s:3:"url";s:46:"/Bootcamp/admin/ajax/images/modalUploader/908/";s:11:"visitCookie";i:1;}
a:4:{s:10:"insertTime";s:19:"2018-10-30 15:17:23";s:2:"ip";s:3:"::1";s:3:"url";s:37:"/Bootcamp/admin/frontEditor/show/908/";s:11:"visitCookie";i:1;}
a:4:{s:10:"insertTime";s:19:"2018-10-30 15:17:28";s:2:"ip";s:3:"::1";s:3:"url";s:10:"/Bootcamp/";s:11:"visitCookie";i:1;}
a:4:{s:10:"insertTime";s:19:"2018-10-30 15:17:28";s:2:"ip";s:3:"::1";s:3:"url";s:45:"/Bootcamp/admin/ajax/files/modalUploader/390/";s:11:"visitCookie";i:1;}
a:4:{s:10:"insertTime";s:19:"2018-10-30 15:17:28";s:2:"ip";s:3:"::1";s:3:"url";s:46:"/Bootcamp/admin/ajax/images/modalUploader/390/";s:11:"visitCookie";i:1;}
a:4:{s:10:"insertTime";s:19:"2018-10-30 15:17:28";s:2:"ip";s:3:"::1";s:3:"url";s:37:"/Bootcamp/admin/frontEditor/show/390/";s:11:"visitCookie";i:1;}
a:4:{s:10:"insertTime";s:19:"2018-10-30 15:17:28";s:2:"ip";s:3:"::1";s:3:"url";s:41:"/Bootcamp/admin/ajax/widgets/choseWidget/";s:11:"visitCookie";i:1;}
a:4:{s:10:"insertTime";s:19:"2018-10-30 15:18:28";s:2:"ip";s:3:"::1";s:3:"url";s:10:"/Bootcamp/";s:11:"visitCookie";i:1;}
a:4:{s:10:"insertTime";s:19:"2018-10-30 15:18:28";s:2:"ip";s:3:"::1";s:3:"url";s:46:"/Bootcamp/admin/ajax/images/modalUploader/390/";s:11:"visitCookie";i:1;}
a:4:{s:10:"insertTime";s:19:"2018-10-30 15:18:28";s:2:"ip";s:3:"::1";s:3:"url";s:45:"/Bootcamp/admin/ajax/files/modalUploader/390/";s:11:"visitCookie";i:1;}
a:4:{s:10:"insertTime";s:19:"2018-10-30 15:18:28";s:2:"ip";s:3:"::1";s:3:"url";s:41:"/Bootcamp/admin/ajax/widgets/choseWidget/";s:11:"visitCookie";i:1;}
a:4:{s:10:"insertTime";s:19:"2018-10-30 15:18:28";s:2:"ip";s:3:"::1";s:3:"url";s:37:"/Bootcamp/admin/frontEditor/show/390/";s:11:"visitCookie";i:1;}
a:4:{s:10:"insertTime";s:19:"2018-10-30 15:18:31";s:2:"ip";s:3:"::1";s:3:"url";s:10:"/Bootcamp/";s:11:"visitCookie";i:1;}
a:4:{s:10:"insertTime";s:19:"2018-10-30 15:18:31";s:2:"ip";s:3:"::1";s:3:"url";s:46:"/Bootcamp/admin/ajax/images/modalUploader/390/";s:11:"visitCookie";i:1;}
a:4:{s:10:"insertTime";s:19:"2018-10-30 15:18:31";s:2:"ip";s:3:"::1";s:3:"url";s:45:"/Bootcamp/admin/ajax/files/modalUploader/390/";s:11:"visitCookie";i:1;}
a:4:{s:10:"insertTime";s:19:"2018-10-30 15:18:31";s:2:"ip";s:3:"::1";s:3:"url";s:37:"/Bootcamp/admin/frontEditor/show/390/";s:11:"visitCookie";i:1;}
a:4:{s:10:"insertTime";s:19:"2018-10-30 15:18:31";s:2:"ip";s:3:"::1";s:3:"url";s:41:"/Bootcamp/admin/ajax/widgets/choseWidget/";s:11:"visitCookie";i:1;}
a:4:{s:10:"insertTime";s:19:"2018-10-30 15:18:37";s:2:"ip";s:3:"::1";s:3:"url";s:10:"/Bootcamp/";s:11:"visitCookie";i:1;}
a:4:{s:10:"insertTime";s:19:"2018-10-30 15:18:38";s:2:"ip";s:3:"::1";s:3:"url";s:46:"/Bootcamp/admin/ajax/images/modalUploader/390/";s:11:"visitCookie";i:1;}
a:4:{s:10:"insertTime";s:19:"2018-10-30 15:18:38";s:2:"ip";s:3:"::1";s:3:"url";s:45:"/Bootcamp/admin/ajax/files/modalUploader/390/";s:11:"visitCookie";i:1;}
a:4:{s:10:"insertTime";s:19:"2018-10-30 15:18:38";s:2:"ip";s:3:"::1";s:3:"url";s:37:"/Bootcamp/admin/frontEditor/show/390/";s:11:"visitCookie";i:1;}
a:4:{s:10:"insertTime";s:19:"2018-10-30 15:18:38";s:2:"ip";s:3:"::1";s:3:"url";s:41:"/Bootcamp/admin/ajax/widgets/choseWidget/";s:11:"visitCookie";i:1;}
a:4:{s:10:"insertTime";s:19:"2018-10-30 15:18:42";s:2:"ip";s:3:"::1";s:3:"url";s:22:"/Bootcamp/sublime-text";s:11:"visitCookie";i:1;}
a:4:{s:10:"insertTime";s:19:"2018-10-30 15:18:42";s:2:"ip";s:3:"::1";s:3:"url";s:46:"/Bootcamp/admin/ajax/images/modalUploader/908/";s:11:"visitCookie";i:1;}
a:4:{s:10:"insertTime";s:19:"2018-10-30 15:18:42";s:2:"ip";s:3:"::1";s:3:"url";s:45:"/Bootcamp/admin/ajax/files/modalUploader/908/";s:11:"visitCookie";i:1;}
a:4:{s:10:"insertTime";s:19:"2018-10-30 15:18:42";s:2:"ip";s:3:"::1";s:3:"url";s:41:"/Bootcamp/admin/ajax/widgets/choseWidget/";s:11:"visitCookie";i:1;}
a:4:{s:10:"insertTime";s:19:"2018-10-30 15:18:42";s:2:"ip";s:3:"::1";s:3:"url";s:37:"/Bootcamp/admin/frontEditor/show/908/";s:11:"visitCookie";i:1;}
a:4:{s:10:"insertTime";s:19:"2018-10-30 15:19:06";s:2:"ip";s:3:"::1";s:3:"url";s:22:"/Bootcamp/sublime-text";s:11:"visitCookie";i:1;}
a:4:{s:10:"insertTime";s:19:"2018-10-30 15:19:06";s:2:"ip";s:3:"::1";s:3:"url";s:46:"/Bootcamp/admin/ajax/images/modalUploader/908/";s:11:"visitCookie";i:1;}
a:4:{s:10:"insertTime";s:19:"2018-10-30 15:19:06";s:2:"ip";s:3:"::1";s:3:"url";s:45:"/Bootcamp/admin/ajax/files/modalUploader/908/";s:11:"visitCookie";i:1;}
a:4:{s:10:"insertTime";s:19:"2018-10-30 15:19:06";s:2:"ip";s:3:"::1";s:3:"url";s:37:"/Bootcamp/admin/frontEditor/show/908/";s:11:"visitCookie";i:1;}
a:4:{s:10:"insertTime";s:19:"2018-10-30 15:19:14";s:2:"ip";s:3:"::1";s:3:"url";s:39:"/Bootcamp/admin/content/pages/edit/390/";s:11:"visitCookie";i:1;}
a:4:{s:10:"insertTime";s:19:"2018-10-30 15:19:14";s:2:"ip";s:3:"::1";s:3:"url";s:41:"/Bootcamp/image/szptgxnyzpjq/200/150/fit/";s:11:"visitCookie";i:1;}
a:4:{s:10:"insertTime";s:19:"2018-10-30 15:19:14";s:2:"ip";s:3:"::1";s:3:"url";s:46:"/Bootcamp/image/szptgxnyzpjq/100/100/original/";s:11:"visitCookie";i:1;}
a:4:{s:10:"insertTime";s:19:"2018-10-30 15:19:15";s:2:"ip";s:3:"::1";s:3:"url";s:41:"/Bootcamp/admin/ajax/widgets/choseWidget/";s:11:"visitCookie";i:1;}
a:4:{s:10:"insertTime";s:19:"2018-10-30 15:19:15";s:2:"ip";s:3:"::1";s:3:"url";s:45:"/Bootcamp/admin/ajax/files/modalUploader/390/";s:11:"visitCookie";i:1;}
a:4:{s:10:"insertTime";s:19:"2018-10-30 15:19:15";s:2:"ip";s:3:"::1";s:3:"url";s:46:"/Bootcamp/admin/ajax/images/modalUploader/390/";s:11:"visitCookie";i:1;}
a:4:{s:10:"insertTime";s:19:"2018-10-30 15:19:21";s:2:"ip";s:3:"::1";s:3:"url";s:57:"/Bootcamp/admin/ajax/widgets/choseOptions/commentsNormal/";s:11:"visitCookie";i:1;}
a:4:{s:10:"insertTime";s:19:"2018-10-30 15:19:21";s:2:"ip";s:3:"::1";s:3:"url";s:63:"/Bootcamp/admin/ajax/widgets/generateWidgetCode/commentsNormal/";s:11:"visitCookie";i:1;}
a:4:{s:10:"insertTime";s:19:"2018-10-30 15:19:23";s:2:"ip";s:3:"::1";s:3:"url";s:47:"/Bootcamp/admin/do/content/editAjaxSuccess/390/";s:11:"visitCookie";i:1;}
a:4:{s:10:"insertTime";s:19:"2018-10-30 15:19:25";s:2:"ip";s:3:"::1";s:3:"url";s:22:"/Bootcamp/sublime-text";s:11:"visitCookie";i:1;}
a:4:{s:10:"insertTime";s:19:"2018-10-30 15:19:26";s:2:"ip";s:3:"::1";s:3:"url";s:37:"/Bootcamp/admin/frontEditor/show/908/";s:11:"visitCookie";i:1;}
a:4:{s:10:"insertTime";s:19:"2018-10-30 15:19:26";s:2:"ip";s:3:"::1";s:3:"url";s:46:"/Bootcamp/admin/ajax/images/modalUploader/908/";s:11:"visitCookie";i:1;}
a:4:{s:10:"insertTime";s:19:"2018-10-30 15:19:26";s:2:"ip";s:3:"::1";s:3:"url";s:41:"/Bootcamp/admin/ajax/widgets/choseWidget/";s:11:"visitCookie";i:1;}
a:4:{s:10:"insertTime";s:19:"2018-10-30 15:19:26";s:2:"ip";s:3:"::1";s:3:"url";s:45:"/Bootcamp/admin/ajax/files/modalUploader/908/";s:11:"visitCookie";i:1;}
a:4:{s:10:"insertTime";s:19:"2018-10-30 15:19:28";s:2:"ip";s:3:"::1";s:3:"url";s:10:"/Bootcamp/";s:11:"visitCookie";i:1;}
a:4:{s:10:"insertTime";s:19:"2018-10-30 15:19:29";s:2:"ip";s:3:"::1";s:3:"url";s:41:"/Bootcamp/admin/ajax/widgets/choseWidget/";s:11:"visitCookie";i:1;}
a:4:{s:10:"insertTime";s:19:"2018-10-30 15:19:29";s:2:"ip";s:3:"::1";s:3:"url";s:37:"/Bootcamp/admin/frontEditor/show/390/";s:11:"visitCookie";i:1;}
a:4:{s:10:"insertTime";s:19:"2018-10-30 15:19:29";s:2:"ip";s:3:"::1";s:3:"url";s:45:"/Bootcamp/admin/ajax/files/modalUploader/390/";s:11:"visitCookie";i:1;}
a:4:{s:10:"insertTime";s:19:"2018-10-30 15:19:29";s:2:"ip";s:3:"::1";s:3:"url";s:46:"/Bootcamp/admin/ajax/images/modalUploader/390/";s:11:"visitCookie";i:1;}
a:4:{s:10:"insertTime";s:19:"2018-10-30 15:19:48";s:2:"ip";s:3:"::1";s:3:"url";s:41:"/Bootcamp/admin/ajax/widgets/choseWidget/";s:11:"visitCookie";i:1;}
a:4:{s:10:"insertTime";s:19:"2018-10-30 15:20:04";s:2:"ip";s:3:"::1";s:3:"url";s:52:"/Bootcamp/admin/ajax/widgets/choseOptions/userPanel/";s:11:"visitCookie";i:1;}
a:4:{s:10:"insertTime";s:19:"2018-10-30 15:20:04";s:2:"ip";s:3:"::1";s:3:"url";s:58:"/Bootcamp/admin/ajax/widgets/generateWidgetCode/userPanel/";s:11:"visitCookie";i:1;}
a:4:{s:10:"insertTime";s:19:"2018-10-30 15:20:07";s:2:"ip";s:3:"::1";s:3:"url";s:47:"/Bootcamp/admin/do/content/editAjaxSuccess/390/";s:11:"visitCookie";i:1;}
a:4:{s:10:"insertTime";s:19:"2018-10-30 15:20:09";s:2:"ip";s:3:"::1";s:3:"url";s:10:"/Bootcamp/";s:11:"visitCookie";i:1;}
a:4:{s:10:"insertTime";s:19:"2018-10-30 15:20:10";s:2:"ip";s:3:"::1";s:3:"url";s:41:"/Bootcamp/admin/ajax/widgets/choseWidget/";s:11:"visitCookie";i:1;}
a:4:{s:10:"insertTime";s:19:"2018-10-30 15:20:10";s:2:"ip";s:3:"::1";s:3:"url";s:46:"/Bootcamp/admin/ajax/images/modalUploader/390/";s:11:"visitCookie";i:1;}
a:4:{s:10:"insertTime";s:19:"2018-10-30 15:20:10";s:2:"ip";s:3:"::1";s:3:"url";s:37:"/Bootcamp/admin/frontEditor/show/390/";s:11:"visitCookie";i:1;}
";i:1;}
a:4:{s:10:"insertTime";s:19:"2018-10-30 15:20:27";s:2:"ip";s:3:"::1";s:3:"url";s:41:"/Bootcamp/admin/ajax/widgets/choseWidget/";s:11:"visitCookie";i:1;}
a:4:{s:10:"insertTime";s:19:"2018-10-30 15:20:35";s:2:"ip";s:3:"::1";s:3:"url";s:52:"/Bootcamp/admin/ajax/widgets/choseOptions/userLogin/";s:11:"visitCookie";i:1;}
a:4:{s:10:"insertTime";s:19:"2018-10-30 15:20:35";s:2:"ip";s:3:"::1";s:3:"url";s:58:"/Bootcamp/admin/ajax/widgets/generateWidgetCode/userLogin/";s:11:"visitCookie";i:1;}
a:4:{s:10:"insertTime";s:19:"2018-10-30 15:20:39";s:2:"ip";s:3:"::1";s:3:"url";s:47:"/Bootcamp/admin/do/content/editAjaxSuccess/390/";s:11:"visitCookie";i:1;}
a:4:{s:10:"insertTime";s:19:"2018-10-30 15:20:49";s:2:"ip";s:3:"::1";s:3:"url";s:10:"/Bootcamp/";s:11:"visitCookie";i:1;}
a:4:{s:10:"insertTime";s:19:"2018-10-30 15:20:50";s:2:"ip";s:3:"::1";s:3:"url";s:46:"/Bootcamp/admin/ajax/images/modalUploader/390/";s:11:"visitCookie";i:1;}
a:4:{s:10:"insertTime";s:19:"2018-10-30 15:20:50";s:2:"ip";s:3:"::1";s:3:"url";s:45:"/Bootcamp/admin/ajax/files/modalUploader/390/";s:11:"visitCookie";i:1;}
a:4:{s:10:"insertTime";s:19:"2018-10-30 15:20:50";s:2:"ip";s:3:"::1";s:3:"url";s:37:"/Bootcamp/admin/frontEditor/show/390/";s:11:"visitCookie";i:1;}
a:4:{s:10:"insertTime";s:19:"2018-10-30 15:20:50";s:2:"ip";s:3:"::1";s:3:"url";s:41:"/Bootcamp/admin/ajax/widgets/choseWidget/";s:11:"visitCookie";i:1;}
a:4:{s:10:"insertTime";s:19:"2018-10-30 15:21:08";s:2:"ip";s:3:"::1";s:3:"url";s:22:"/Bootcamp/sublime-text";s:11:"visitCookie";i:1;}
a:4:{s:10:"insertTime";s:19:"2018-10-30 15:21:09";s:2:"ip";s:3:"::1";s:3:"url";s:45:"/Bootcamp/admin/ajax/files/modalUploader/908/";s:11:"visitCookie";i:1;}
a:4:{s:10:"insertTime";s:19:"2018-10-30 15:21:09";s:2:"ip";s:3:"::1";s:3:"url";s:37:"/Bootcamp/admin/frontEditor/show/908/";s:11:"visitCookie";i:1;}
a:4:{s:10:"insertTime";s:19:"2018-10-30 15:21:09";s:2:"ip";s:3:"::1";s:3:"url";s:46:"/Bootcamp/admin/ajax/images/modalUploader/908/";s:11:"visitCookie";i:1;}
a:4:{s:10:"insertTime";s:19:"2018-10-30 15:21:09";s:2:"ip";s:3:"::1";s:3:"url";s:41:"/Bootcamp/admin/ajax/widgets/choseWidget/";s:11:"visitCookie";i:1;}
a:4:{s:10:"insertTime";s:19:"2018-10-30 15:22:09";s:2:"ip";s:3:"::1";s:3:"url";s:59:"/Bootcamp/admin/mainDo/setPageTemplate/simple_page.tpl/390/";s:11:"visitCookie";i:1;}
a:4:{s:10:"insertTime";s:19:"2018-10-30 15:22:09";s:2:"ip";s:3:"::1";s:3:"url";s:10:"/Bootcamp/";s:11:"visitCookie";i:1;}
a:4:{s:10:"insertTime";s:19:"2018-10-30 15:22:10";s:2:"ip";s:3:"::1";s:3:"url";s:46:"/Bootcamp/admin/ajax/images/modalUploader/390/";s:11:"visitCookie";i:1;}
a:4:{s:10:"insertTime";s:19:"2018-10-30 15:22:10";s:2:"ip";s:3:"::1";s:3:"url";s:41:"/Bootcamp/admin/ajax/widgets/choseWidget/";s:11:"visitCookie";i:1;}
a:4:{s:10:"insertTime";s:19:"2018-10-30 15:22:10";s:2:"ip";s:3:"::1";s:3:"url";s:37:"/Bootcamp/admin/frontEditor/show/390/";s:11:"visitCookie";i:1;}
a:4:{s:10:"insertTime";s:19:"2018-10-30 15:22:10";s:2:"ip";s:3:"::1";s:3:"url";s:45:"/Bootcamp/admin/ajax/files/modalUploader/390/";s:11:"visitCookie";i:1;}
a:4:{s:10:"insertTime";s:19:"2018-10-30 15:22:11";s:2:"ip";s:3:"::1";s:3:"url";s:57:"/Bootcamp/admin/mainDo/setPageTemplate/main_page.tpl/390/";s:11:"visitCookie";i:1;}
a:4:{s:10:"insertTime";s:19:"2018-10-30 15:22:11";s:2:"ip";s:3:"::1";s:3:"url";s:10:"/Bootcamp/";s:11:"visitCookie";i:1;}
a:4:{s:10:"insertTime";s:19:"2018-10-30 15:22:12";s:2:"ip";s:3:"::1";s:3:"url";s:45:"/Bootcamp/admin/ajax/files/modalUploader/390/";s:11:"visitCookie";i:1;}
a:4:{s:10:"insertTime";s:19:"2018-10-30 15:22:12";s:2:"ip";s:3:"::1";s:3:"url";s:41:"/Bootcamp/admin/ajax/widgets/choseWidget/";s:11:"visitCookie";i:1;}
a:4:{s:10:"insertTime";s:19:"2018-10-30 15:22:12";s:2:"ip";s:3:"::1";s:3:"url";s:46:"/Bootcamp/admin/ajax/images/modalUploader/390/";s:11:"visitCookie";i:1;}
a:4:{s:10:"insertTime";s:19:"2018-10-30 15:22:12";s:2:"ip";s:3:"::1";s:3:"url";s:37:"/Bootcamp/admin/frontEditor/show/390/";s:11:"visitCookie";i:1;}
a:4:{s:10:"insertTime";s:19:"2018-10-30 15:22:55";s:2:"ip";s:3:"::1";s:3:"url";s:10:"/Bootcamp/";s:11:"visitCookie";i:1;}
a:4:{s:10:"insertTime";s:19:"2018-10-30 15:22:56";s:2:"ip";s:3:"::1";s:3:"url";s:46:"/Bootcamp/admin/ajax/images/modalUploader/390/";s:11:"visitCookie";i:1;}
a:4:{s:10:"insertTime";s:19:"2018-10-30 15:22:56";s:2:"ip";s:3:"::1";s:3:"url";s:45:"/Bootcamp/admin/ajax/files/modalUploader/390/";s:11:"visitCookie";i:1;}
a:4:{s:10:"insertTime";s:19:"2018-10-30 15:23:00";s:2:"ip";s:3:"::1";s:3:"url";s:10:"/Bootcamp/";s:11:"visitCookie";i:1;}
a:4:{s:10:"insertTime";s:19:"2018-10-30 15:23:01";s:2:"ip";s:3:"::1";s:3:"url";s:46:"/Bootcamp/admin/ajax/images/modalUploader/390/";s:11:"visitCookie";i:1;}
a:4:{s:10:"insertTime";s:19:"2018-10-30 15:23:01";s:2:"ip";s:3:"::1";s:3:"url";s:41:"/Bootcamp/admin/ajax/widgets/choseWidget/";s:11:"visitCookie";i:1;}
a:4:{s:10:"insertTime";s:19:"2018-10-30 15:23:01";s:2:"ip";s:3:"::1";s:3:"url";s:45:"/Bootcamp/admin/ajax/files/modalUploader/390/";s:11:"visitCookie";i:1;}
a:4:{s:10:"insertTime";s:19:"2018-10-30 15:23:01";s:2:"ip";s:3:"::1";s:3:"url";s:37:"/Bootcamp/admin/frontEditor/show/390/";s:11:"visitCookie";i:1;}
a:4:{s:10:"insertTime";s:19:"2018-10-30 15:23:17";s:2:"ip";s:3:"::1";s:3:"url";s:10:"/Bootcamp/";s:11:"visitCookie";i:1;}
a:4:{s:10:"insertTime";s:19:"2018-10-30 15:23:18";s:2:"ip";s:3:"::1";s:3:"url";s:46:"/Bootcamp/admin/ajax/images/modalUploader/390/";s:11:"visitCookie";i:1;}
a:4:{s:10:"insertTime";s:19:"2018-10-30 15:23:18";s:2:"ip";s:3:"::1";s:3:"url";s:41:"/Bootcamp/admin/ajax/widgets/choseWidget/";s:11:"visitCookie";i:1;}
a:4:{s:10:"insertTime";s:19:"2018-10-30 15:23:18";s:2:"ip";s:3:"::1";s:3:"url";s:45:"/Bootcamp/admin/ajax/files/modalUploader/390/";s:11:"visitCookie";i:1;}
a:4:{s:10:"insertTime";s:19:"2018-10-30 15:23:18";s:2:"ip";s:3:"::1";s:3:"url";s:37:"/Bootcamp/admin/frontEditor/show/390/";s:11:"visitCookie";i:1;}
a:4:{s:10:"insertTime";s:19:"2018-10-30 15:23:23";s:2:"ip";s:3:"::1";s:3:"url";s:30:"/Bootcamp/admin/do/flushCache/";s:11:"visitCookie";i:1;}
a:4:{s:10:"insertTime";s:19:"2018-10-30 15:23:23";s:2:"ip";s:3:"::1";s:3:"url";s:64:"/Bootcamp/admin/content/pages/edit/390/?mp=admin.message.success";s:11:"visitCookie";i:1;}
a:4:{s:10:"insertTime";s:19:"2018-10-30 15:23:25";s:2:"ip";s:3:"::1";s:3:"url";s:41:"/Bootcamp/image/szptgxnyzpjq/200/150/fit/";s:11:"visitCookie";i:1;}
a:4:{s:10:"insertTime";s:19:"2018-10-30 15:23:25";s:2:"ip";s:3:"::1";s:3:"url";s:46:"/Bootcamp/image/szptgxnyzpjq/100/100/original/";s:11:"visitCookie";i:1;}
a:4:{s:10:"insertTime";s:19:"2018-10-30 15:23:25";s:2:"ip";s:3:"::1";s:3:"url";s:46:"/Bootcamp/admin/ajax/images/modalUploader/390/";s:11:"visitCookie";i:1;}
a:4:{s:10:"insertTime";s:19:"2018-10-30 15:23:25";s:2:"ip";s:3:"::1";s:3:"url";s:45:"/Bootcamp/admin/ajax/files/modalUploader/390/";s:11:"visitCookie";i:1;}
a:4:{s:10:"insertTime";s:19:"2018-10-30 15:23:25";s:2:"ip";s:3:"::1";s:3:"url";s:40:"/Bootcamp/admin/ajax/customfields/index/";s:11:"visitCookie";i:1;}
a:4:{s:10:"insertTime";s:19:"2018-10-30 15:23:26";s:2:"ip";s:3:"::1";s:3:"url";s:41:"/Bootcamp/admin/ajax/widgets/choseWidget/";s:11:"visitCookie";i:1;}
a:4:{s:10:"insertTime";s:19:"2018-10-30 15:23:30";s:2:"ip";s:3:"::1";s:3:"url";s:10:"/Bootcamp/";s:11:"visitCookie";i:1;}
a:4:{s:10:"insertTime";s:19:"2018-10-30 15:23:32";s:2:"ip";s:3:"::1";s:3:"url";s:46:"/Bootcamp/admin/ajax/images/modalUploader/390/";s:11:"visitCookie";i:1;}
a:4:{s:10:"insertTime";s:19:"2018-10-30 15:23:32";s:2:"ip";s:3:"::1";s:3:"url";s:37:"/Bootcamp/admin/frontEditor/show/390/";s:11:"visitCookie";i:1;}
a:4:{s:10:"insertTime";s:19:"2018-10-30 15:23:32";s:2:"ip";s:3:"::1";s:3:"url";s:45:"/Bootcamp/admin/ajax/files/modalUploader/390/";s:11:"visitCookie";i:1;}
a:4:{s:10:"insertTime";s:19:"2018-10-30 15:23:32";s:2:"ip";s:3:"::1";s:3:"url";s:41:"/Bootcamp/admin/ajax/widgets/choseWidget/";s:11:"visitCookie";i:1;}
a:4:{s:10:"insertTime";s:19:"2018-10-30 15:23:49";s:2:"ip";s:3:"::1";s:3:"url";s:25:"/Bootcamp/przydatne-linki";s:11:"visitCookie";i:1;}
a:4:{s:10:"insertTime";s:19:"2018-10-30 15:23:50";s:2:"ip";s:3:"::1";s:3:"url";s:41:"/Bootcamp/admin/ajax/widgets/choseWidget/";s:11:"visitCookie";i:1;}
a:4:{s:10:"insertTime";s:19:"2018-10-30 15:23:50";s:2:"ip";s:3:"::1";s:3:"url";s:37:"/Bootcamp/admin/frontEditor/show/907/";s:11:"visitCookie";i:1;}
a:4:{s:10:"insertTime";s:19:"2018-10-30 15:23:50";s:2:"ip";s:3:"::1";s:3:"url";s:45:"/Bootcamp/admin/ajax/files/modalUploader/907/";s:11:"visitCookie";i:1;}
a:4:{s:10:"insertTime";s:19:"2018-10-30 15:23:50";s:2:"ip";s:3:"::1";s:3:"url";s:46:"/Bootcamp/admin/ajax/images/modalUploader/907/";s:11:"visitCookie";i:1;}
a:4:{s:10:"insertTime";s:19:"2018-10-30 15:24:04";s:2:"ip";s:3:"::1";s:3:"url";s:47:"/Bootcamp/admin/do/content/editAjaxSuccess/390/";s:11:"visitCookie";i:1;}
a:4:{s:10:"insertTime";s:19:"2018-10-30 15:24:07";s:2:"ip";s:3:"::1";s:3:"url";s:10:"/Bootcamp/";s:11:"visitCookie";i:1;}
a:4:{s:10:"insertTime";s:19:"2018-10-30 15:24:07";s:2:"ip";s:3:"::1";s:3:"url";s:41:"/Bootcamp/admin/ajax/widgets/choseWidget/";s:11:"visitCookie";i:1;}
a:4:{s:10:"insertTime";s:19:"2018-10-30 15:24:07";s:2:"ip";s:3:"::1";s:3:"url";s:45:"/Bootcamp/admin/ajax/files/modalUploader/390/";s:11:"visitCookie";i:1;}
a:4:{s:10:"insertTime";s:19:"2018-10-30 15:24:07";s:2:"ip";s:3:"::1";s:3:"url";s:37:"/Bootcamp/admin/frontEditor/show/390/";s:11:"visitCookie";i:1;}
a:4:{s:10:"insertTime";s:19:"2018-10-30 15:24:07";s:2:"ip";s:3:"::1";s:3:"url";s:46:"/Bootcamp/admin/ajax/images/modalUploader/390/";s:11:"visitCookie";i:1;}
a:4:{s:10:"insertTime";s:19:"2018-10-30 15:24:11";s:2:"ip";s:3:"::1";s:3:"url";s:47:"/Bootcamp/admin/do/content/editAjaxSuccess/390/";s:11:"visitCookie";i:1;}
a:4:{s:10:"insertTime";s:19:"2018-10-30 15:24:18";s:2:"ip";s:3:"::1";s:3:"url";s:10:"/Bootcamp/";s:11:"visitCookie";i:1;}
a:4:{s:10:"insertTime";s:19:"2018-10-30 15:24:18";s:2:"ip";s:3:"::1";s:3:"url";s:41:"/Bootcamp/admin/ajax/widgets/choseWidget/";s:11:"visitCookie";i:1;}
a:4:{s:10:"insertTime";s:19:"2018-10-30 15:24:18";s:2:"ip";s:3:"::1";s:3:"url";s:46:"/Bootcamp/admin/ajax/images/modalUploader/390/";s:11:"visitCookie";i:1;}
a:4:{s:10:"insertTime";s:19:"2018-10-30 15:24:18";s:2:"ip";s:3:"::1";s:3:"url";s:45:"/Bootcamp/admin/ajax/files/modalUploader/390/";s:11:"visitCookie";i:1;}
a:4:{s:10:"insertTime";s:19:"2018-10-30 15:24:18";s:2:"ip";s:3:"::1";s:3:"url";s:37:"/Bootcamp/admin/frontEditor/show/390/";s:11:"visitCookie";i:1;}
a:4:{s:10:"insertTime";s:19:"2018-10-30 15:24:41";s:2:"ip";s:3:"::1";s:3:"url";s:10:"/Bootcamp/";s:11:"visitCookie";i:1;}
a:4:{s:10:"insertTime";s:19:"2018-10-30 15:24:42";s:2:"ip";s:3:"::1";s:3:"url";s:41:"/Bootcamp/admin/ajax/widgets/choseWidget/";s:11:"visitCookie";i:1;}
a:4:{s:10:"insertTime";s:19:"2018-10-30 15:24:42";s:2:"ip";s:3:"::1";s:3:"url";s:46:"/Bootcamp/admin/ajax/images/modalUploader/390/";s:11:"visitCookie";i:1;}
a:4:{s:10:"insertTime";s:19:"2018-10-30 15:24:42";s:2:"ip";s:3:"::1";s:3:"url";s:37:"/Bootcamp/admin/frontEditor/show/390/";s:11:"visitCookie";i:1;}
a:4:{s:10:"insertTime";s:19:"2018-10-30 15:24:42";s:2:"ip";s:3:"::1";s:3:"url";s:45:"/Bootcamp/admin/ajax/files/modalUploader/390/";s:11:"visitCookie";i:1;}
a:4:{s:10:"insertTime";s:19:"2018-10-30 15:25:03";s:2:"ip";s:3:"::1";s:3:"url";s:10:"/Bootcamp/";s:11:"visitCookie";i:1;}
a:4:{s:10:"insertTime";s:19:"2018-10-30 15:25:04";s:2:"ip";s:3:"::1";s:3:"url";s:46:"/Bootcamp/admin/ajax/images/modalUploader/390/";s:11:"visitCookie";i:1;}
a:4:{s:10:"insertTime";s:19:"2018-10-30 15:25:04";s:2:"ip";s:3:"::1";s:3:"url";s:41:"/Bootcamp/admin/ajax/widgets/choseWidget/";s:11:"visitCookie";i:1;}
1;}
a:4:{s:10:"insertTime";s:19:"2018-10-30 15:25:28";s:2:"ip";s:3:"::1";s:3:"url";s:10:"/Bootcamp/";s:11:"visitCookie";i:1;}
a:4:{s:10:"insertTime";s:19:"2018-10-30 15:25:28";s:2:"ip";s:3:"::1";s:3:"url";s:46:"/Bootcamp/admin/ajax/images/modalUploader/390/";s:11:"visitCookie";i:1;}
a:4:{s:10:"insertTime";s:19:"2018-10-30 15:25:28";s:2:"ip";s:3:"::1";s:3:"url";s:41:"/Bootcamp/admin/ajax/widgets/choseWidget/";s:11:"visitCookie";i:1;}
a:4:{s:10:"insertTime";s:19:"2018-10-30 15:25:28";s:2:"ip";s:3:"::1";s:3:"url";s:45:"/Bootcamp/admin/ajax/files/modalUploader/390/";s:11:"visitCookie";i:1;}
a:4:{s:10:"insertTime";s:19:"2018-10-30 15:25:28";s:2:"ip";s:3:"::1";s:3:"url";s:37:"/Bootcamp/admin/frontEditor/show/390/";s:11:"visitCookie";i:1;}
a:4:{s:10:"insertTime";s:19:"2018-10-30 15:25:56";s:2:"ip";s:3:"::1";s:3:"url";s:10:"/Bootcamp/";s:11:"visitCookie";i:1;}
a:4:{s:10:"insertTime";s:19:"2018-10-30 15:25:56";s:2:"ip";s:3:"::1";s:3:"url";s:46:"/Bootcamp/admin/ajax/images/modalUploader/390/";s:11:"visitCookie";i:1;}
a:4:{s:10:"insertTime";s:19:"2018-10-30 15:25:56";s:2:"ip";s:3:"::1";s:3:"url";s:41:"/Bootcamp/admin/ajax/widgets/choseWidget/";s:11:"visitCookie";i:1;}
a:4:{s:10:"insertTime";s:19:"2018-10-30 15:25:56";s:2:"ip";s:3:"::1";s:3:"url";s:37:"/Bootcamp/admin/frontEditor/show/390/";s:11:"visitCookie";i:1;}
a:4:{s:10:"insertTime";s:19:"2018-10-30 15:25:56";s:2:"ip";s:3:"::1";s:3:"url";s:45:"/Bootcamp/admin/ajax/files/modalUploader/390/";s:11:"visitCookie";i:1;}
a:4:{s:10:"insertTime";s:19:"2018-10-30 15:26:55";s:2:"ip";s:3:"::1";s:3:"url";s:10:"/Bootcamp/";s:11:"visitCookie";i:1;}
a:4:{s:10:"insertTime";s:19:"2018-10-30 15:26:56";s:2:"ip";s:3:"::1";s:3:"url";s:46:"/Bootcamp/admin/ajax/images/modalUploader/390/";s:11:"visitCookie";i:1;}
a:4:{s:10:"insertTime";s:19:"2018-10-30 15:26:56";s:2:"ip";s:3:"::1";s:3:"url";s:45:"/Bootcamp/admin/ajax/files/modalUploader/390/";s:11:"visitCookie";i:1;}
a:4:{s:10:"insertTime";s:19:"2018-10-30 15:26:56";s:2:"ip";s:3:"::1";s:3:"url";s:41:"/Bootcamp/admin/ajax/widgets/choseWidget/";s:11:"visitCookie";i:1;}
a:4:{s:10:"insertTime";s:19:"2018-10-30 15:28:27";s:2:"ip";s:3:"::1";s:3:"url";s:43:"/Bootcamp/admin/do/content/autosaveSuccess/";s:11:"visitCookie";i:1;}
a:4:{s:10:"insertTime";s:19:"2018-10-30 15:33:29";s:2:"ip";s:3:"::1";s:3:"url";s:43:"/Bootcamp/admin/do/content/autosaveSuccess/";s:11:"visitCookie";i:1;}
a:4:{s:10:"insertTime";s:19:"2018-10-30 15:38:29";s:2:"ip";s:3:"::1";s:3:"url";s:43:"/Bootcamp/admin/do/content/autosaveSuccess/";s:11:"visitCookie";i:1;}
a:4:{s:10:"insertTime";s:19:"2018-10-30 15:43:29";s:2:"ip";s:3:"::1";s:3:"url";s:43:"/Bootcamp/admin/do/content/autosaveSuccess/";s:11:"visitCookie";i:1;}
a:4:{s:10:"insertTime";s:19:"2018-10-30 15:48:29";s:2:"ip";s:3:"::1";s:3:"url";s:43:"/Bootcamp/admin/do/content/autosaveSuccess/";s:11:"visitCookie";i:1;}
a:4:{s:10:"insertTime";s:19:"2018-10-30 15:53:29";s:2:"ip";s:3:"::1";s:3:"url";s:43:"/Bootcamp/admin/do/content/autosaveSuccess/";s:11:"visitCookie";i:1;}
a:4:{s:10:"insertTime";s:19:"2018-10-30 15:58:29";s:2:"ip";s:3:"::1";s:3:"url";s:43:"/Bootcamp/admin/do/content/autosaveSuccess/";s:11:"visitCookie";i:1;}
a:4:{s:10:"insertTime";s:19:"2018-10-30 16:03:29";s:2:"ip";s:3:"::1";s:3:"url";s:43:"/Bootcamp/admin/do/content/autosaveSuccess/";s:11:"visitCookie";i:1;}
a:4:{s:10:"insertTime";s:19:"2018-10-30 16:08:29";s:2:"ip";s:3:"::1";s:3:"url";s:43:"/Bootcamp/admin/do/content/autosaveSuccess/";s:11:"visitCookie";i:1;}
a:4:{s:10:"insertTime";s:19:"2018-10-30 16:13:29";s:2:"ip";s:3:"::1";s:3:"url";s:43:"/Bootcamp/admin/do/content/autosaveSuccess/";s:11:"visitCookie";i:1;}
a:4:{s:10:"insertTime";s:19:"2018-10-30 16:18:29";s:2:"ip";s:3:"::1";s:3:"url";s:43:"/Bootcamp/admin/do/content/autosaveSuccess/";s:11:"visitCookie";i:1;}
a:4:{s:10:"insertTime";s:19:"2018-10-30 16:23:29";s:2:"ip";s:3:"::1";s:3:"url";s:43:"/Bootcamp/admin/do/content/autosaveSuccess/";s:11:"visitCookie";i:1;}
a:4:{s:10:"insertTime";s:19:"2018-10-30 16:28:29";s:2:"ip";s:3:"::1";s:3:"url";s:43:"/Bootcamp/admin/do/content/autosaveSuccess/";s:11:"visitCookie";i:1;}
a:4:{s:10:"insertTime";s:19:"2018-10-30 16:33:29";s:2:"ip";s:3:"::1";s:3:"url";s:43:"/Bootcamp/admin/do/content/autosaveSuccess/";s:11:"visitCookie";i:1;}
a:4:{s:10:"insertTime";s:19:"2018-10-30 16:38:29";s:2:"ip";s:3:"::1";s:3:"url";s:43:"/Bootcamp/admin/do/content/autosaveSuccess/";s:11:"visitCookie";i:1;}
a:4:{s:10:"insertTime";s:19:"2018-10-30 16:43:29";s:2:"ip";s:3:"::1";s:3:"url";s:43:"/Bootcamp/admin/do/content/autosaveSuccess/";s:11:"visitCookie";i:1;}
a:4:{s:10:"insertTime";s:19:"2018-10-30 16:48:29";s:2:"ip";s:3:"::1";s:3:"url";s:43:"/Bootcamp/admin/do/content/autosaveSuccess/";s:11:"visitCookie";i:1;}
a:4:{s:10:"insertTime";s:19:"2018-10-30 16:53:29";s:2:"ip";s:3:"::1";s:3:"url";s:43:"/Bootcamp/admin/do/content/autosaveSuccess/";s:11:"visitCookie";i:1;}
a:4:{s:10:"insertTime";s:19:"2018-10-30 16:58:29";s:2:"ip";s:3:"::1";s:3:"url";s:43:"/Bootcamp/admin/do/content/autosaveSuccess/";s:11:"visitCookie";i:1;}
a:4:{s:10:"insertTime";s:19:"2018-10-30 17:03:29";s:2:"ip";s:3:"::1";s:3:"url";s:43:"/Bootcamp/admin/do/content/autosaveSuccess/";s:11:"visitCookie";i:1;}
a:4:{s:10:"insertTime";s:19:"2018-10-30 17:08:29";s:2:"ip";s:3:"::1";s:3:"url";s:43:"/Bootcamp/admin/do/content/autosaveSuccess/";s:11:"visitCookie";i:1;}
a:4:{s:10:"insertTime";s:19:"2018-10-30 17:13:29";s:2:"ip";s:3:"::1";s:3:"url";s:43:"/Bootcamp/admin/do/content/autosaveSuccess/";s:11:"visitCookie";i:1;}
a:4:{s:10:"insertTime";s:19:"2018-10-30 17:18:29";s:2:"ip";s:3:"::1";s:3:"url";s:43:"/Bootcamp/admin/do/content/autosaveSuccess/";s:11:"visitCookie";i:1;}
a:4:{s:10:"insertTime";s:19:"2018-10-30 17:23:29";s:2:"ip";s:3:"::1";s:3:"url";s:43:"/Bootcamp/admin/do/content/autosaveSuccess/";s:11:"visitCookie";i:1;}
a:4:{s:10:"insertTime";s:19:"2018-10-30 17:28:29";s:2:"ip";s:3:"::1";s:3:"url";s:43:"/Bootcamp/admin/do/content/autosaveSuccess/";s:11:"visitCookie";i:1;}
